<?xml version="1.0" encoding="UTF-8"?>
<Site BuildName="(empty)"
	BuildStamp="20250423-1117-Experimental"
	Name="ubuntu"
	Generator="ctest-3.16.3"
	CompilerName="/usr/bin/g++"
	CompilerVersion="9.4.0"
	OSName="Linux"
	Hostname="ubuntu"
	OSRelease="5.15.0-136-generic"
	OSVersion="#147~20.04.1-Ubuntu SMP Wed Mar 19 16:13:14 UTC 2025"
	OSPlatform="x86_64"
	Is64Bits="1"
	VendorString="AuthenticAMD"
	VendorID="Advanced Micro Devices"
	FamilyID="26"
	ModelID="68"
	ProcessorCacheSize="1024"
	NumberOfLogicalCPU="4"
	NumberOfPhysicalCPU="4"
	TotalVirtualMemory="1873"
	TotalPhysicalMemory="7902"
	LogicalProcessorsPerPhysical="1"
	ProcessorClockFrequency="4399.89"
	>
	<Testing>
		<StartDateTime>Apr 23 04:17 PDT</StartDateTime>
		<StartTestTime>1745407052</StartTestTime>
		<TestList/>
		<EndDateTime>Apr 23 04:17 PDT</EndDateTime>
		<EndTestTime>1745407052</EndTestTime>
		<ElapsedMinutes>0</ElapsedMinutes>
	</Testing>
</Site>
