<?xml version="1.0" encoding="UTF-8"?>
<Site BuildName="(empty)"
	BuildStamp="20250427-0359-Experimental"
	Name="ubuntu"
	Generator="ctest-3.16.3"
	CompilerName="/usr/bin/g++"
	CompilerVersion="9.4.0"
	OSName="Linux"
	Hostname="ubuntu"
	OSRelease="5.15.0-138-generic"
	OSVersion="#148~20.04.1-Ubuntu SMP Fri Mar 28 14:32:35 UTC 2025"
	OSPlatform="x86_64"
	Is64Bits="1"
	VendorString="AuthenticAMD"
	VendorID="Advanced Micro Devices"
	FamilyID="26"
	ModelID="68"
	ProcessorCacheSize="1024"
	NumberOfLogicalCPU="4"
	NumberOfPhysicalCPU="4"
	TotalVirtualMemory="1873"
	TotalPhysicalMemory="7901"
	LogicalProcessorsPerPhysical="1"
	ProcessorClockFrequency="4399.93"
	>
	<Testing>
		<StartDateTime>Apr 27 02:01 PDT</StartDateTime>
		<StartTestTime>1745744510</StartTestTime>
		<TestList/>
		<EndDateTime>Apr 27 02:01 PDT</EndDateTime>
		<EndTestTime>1745744510</EndTestTime>
		<ElapsedMinutes>0</ElapsedMinutes>
	</Testing>
</Site>
